#-----------------------------------------------------------
# Vivado v2024.2 (64-bit)
# SW Build 5239630 on Fri Nov 08 22:34:34 MST 2024
# IP Build 5239520 on Sun Nov 10 16:12:51 MST 2024
# SharedData Build 5239561 on Fri Nov 08 14:39:27 MST 2024
# Start of session at: Mon Jan  5 12:06:25 2026
# Process ID         : 96272
# Current directory  : /home/md204/ub771861/2025/Jikken/MP/mips-20250719/hard
# Command line       : vivado -mode batch -source script/program.tcl
# Log file           : /home/md204/ub771861/2025/Jikken/MP/mips-20250719/hard/vivado.log
# Journal file       : /home/md204/ub771861/2025/Jikken/MP/mips-20250719/hard/vivado.jou
# Running On         : y14c045.educ.cc.keio.ac.jp
# Platform           : Rocky
# Operating System   : Rocky Linux release 8.10 (Green Obsidian)
# Processor Detail   : 13th Gen Intel(R) Core(TM) i7-13700
# CPU Frequency      : 2100.000 MHz
# CPU Physical cores : 16
# CPU Logical cores  : 24
# Host memory        : 33125 MB
# Swap memory        : 8589 MB
# Total Virtual      : 41715 MB
# Available Virtual  : 40369 MB
#-----------------------------------------------------------
source script/program.tcl
# open_hw_manager
# connect_hw_server
INFO: [Labtools 27-2285] Connecting to hw_server url TCP:localhost:3121
INFO: [Labtools 27-2222] Launching hw_server...
INFO: [Labtools 27-2221] Launch Output:

****** Xilinx hw_server v2024.2
  **** Build date : Oct 29 2024 at 10:16:47
    ** Copyright 1986-2022 Xilinx, Inc. All Rights Reserved.


INFO: [Labtools 27-3415] Connecting to cs_server url TCP:localhost:0
INFO: [Labtools 27-3417] Launching cs_server...
INFO: [Labtools 27-2221] Launch Output:


******** Xilinx cs_server v2024.2.0
  ****** Build date   : Oct 31 2024-03:19:07
    **** Build number : 2024.2.1730312347
      ** Copyright 2017-2022 Xilinx, Inc. All Rights Reserved.
      ** Copyright 2022-2026 Advanced Micro Devices, Inc. All Rights Reserved.



# open_hw_target
INFO: [Labtoolstcl 44-466] Opening hw_target localhost:3121/xilinx_tcf/Digilent/210279777819A
# set_property PROGRAM.FILE "fpga_top.bit" [lindex [get_hw_devices] 1]
# current_hw_device [lindex [get_hw_devices] 1]
# refresh_hw_device [lindex [get_hw_devices] 1]
INFO: [Labtools 27-1434] Device xc7z010 (JTAG device index = 1) is programmed with a design that has no supported debug core(s) in it.
# program_hw_devices -verbose [lindex [get_hw_devices] 1]
INFO: [Labtoolstcl 44-647] No encryption options specified, beginning non-encryption programming...
INFO: [Labtools 27-3164] End of startup status: HIGH
# close_hw_target
INFO: [Labtoolstcl 44-464] Closing hw_target localhost:3121/xilinx_tcf/Digilent/210279777819A
# disconnect_hw_server
# close_hw_manager
INFO: [Common 17-206] Exiting Vivado at Mon Jan  5 12:07:02 2026...
